app/proguard-rules.pro
-keep class com.google.firebase.messaging.** { *; }
-keep class com.google.android.gms.** { *; }
-dontwarn com.google.firebase.messaging.**