app/build/outputs/mapping/release/seeds.txt
com.dexa.app.MainActivity
com.dexa.app.DexaMessagingService
com.dexa.app.MainActivity: MainActivity()
com.dexa.app.DexaMessagingService: DexaMessagingService()
...
androidx.fragment.app.Fragment: void restoreViewState(android.os.Bundle)
com.google.firebase.messaging.RemoteMessage$Notification: java.lang.String getTag()
com.google.android.gms.cloudmessaging.zza: java.lang.Object createFromParcel(android.os.Parcel)
com.google.android.gms.common.internal.RootTelemetryConfiguration: int getMaxMethodInvocationsInBatch()
com.google.android.gms.common.api.internal.TaskApiCall$Builder: com.google.android.gms.common.api.internal.TaskApiCall$Builder setFeatures(com.google.android.gms.common.Feature[])
androidx.core.app.NotificationCompat$Builder$Api21Impl: android.media.AudioAttributes build(android.media.AudioAttributes$Builder)
com.google.firebase.FirebaseCommonKtxRegistrar: java.util.List getComponents()
com.google.android.gms.common.api.internal.zzd: void dump(java.lang.String,java.io.FileDescriptor,java.io.PrintWriter,java.lang.String[])
com.google.android.gms.common.internal.safeparcel.SafeParcelReader: byte readByte(android.os.Parcel,int)
com.google.android.gms.common.api.internal.ApiExceptionMapper: ApiExceptionMapper()
com.google.android.gms.common.internal.zzs: void zzi(java.util.concurrent.Executor)
androidx.fragment.app.Fragment: androidx.fragment.app.FragmentManager getFragmentManager()
com.google.android.gms.common.api.internal.RegisterListenerMethod: RegisterListenerMethod(com.google.android.gms.common.api.internal.ListenerHolder,com.google.android.gms.common.Feature[],boolean,int)
com.google.android.gms.common.api.internal.NonGmsServiceBrokerClient: void connect(com.google.android.gms.common.internal.BaseGmsClient$ConnectionProgressReportCallbacks)
com.google.android.gms.common.api.internal.ListenerHolders: com.google.android.gms.common.api.internal.ListenerHolder createListenerHolder(java.lang.Object,java.util.concurrent.Executor,java.lang.String)
com.google.android.gms.common.api.internal.zacu: zacu(com.google.android.gms.common.util.BiConsumer)
com.google.android.gms.common.api.internal.BasePendingResult$CallbackHandler: BasePendingResult$CallbackHandler(android.os.Looper)
com.google.android.gms.common.util.CollectionUtils: java.util.Map mapOf(java.lang.Object,java.lang.Object,java.lang.Object,java.lang.Object,java.lang.Object,java.lang.Object,java.lang.Object,java.lang.Object,java.lang.Object,java.lang.Object,java.lang.Object,java.lang.Object)
com.google.android.gms.common.internal.service.zah: zah(android.content.Context,android.os.Looper,com.google.android.gms.common.internal.ClientSettings,com.google.android.gms.common.api.GoogleApiClient$ConnectionCallbacks,com.google.android.gms.common.api.GoogleApiClient$OnConnectionFailedListener)
com.google.android.gms.common.GoogleApiAvailabilityLight: boolean isPlayStorePossiblyUpdating(android.content.Context,int)
com.google.firebase.messaging.SharedPreferencesQueue: java.lang.String peek()
com.google.android.gms.common.internal.zza: void zzb(com.google.android.gms.common.ConnectionResult)
com.google.android.gms.common.internal.safeparcel.SafeParcelableSerializer: void serializeIterableToIntentExtra(java.lang.Iterable,android.content.Intent,java.lang.String)
com.google.firebase.messaging.RemoteMessage: com.google.firebase.messaging.RemoteMessage$Notification getNotification()
androidx.collection.LruCache: int putCount()
com.google.android.gms.common.api.internal.zabe: android.os.Looper getLooper()
com.google.android.gms.common.api.internal.zaad: zaad()
com.google.android.gms.common.server.response.SafeParcelResponse: void addConcreteTypeInternal(com.google.android.gms.common.server.response.FastJsonResponse$Field,java.lang.String,com.google.android.gms.common.server.response.FastJsonResponse)
com.google.firebase.messaging.RemoteMessage$Notification: boolean getSticky()
com.google.android.gms.common.GoogleApiAvailability: void zaf(android.content.Context)
com.google.android.gms.common.zzz: com.google.android.gms.common.zzz zzc(java.util.List)
com.google.android.gms.common.images.WebImage: WebImage(android.net.Uri,int,int)