app/build/outputs/mapping/release/mapping.txt
# compiler: R8
# compiler_version: 8.7.18
# min_api: 23
# common_typos_disable
# {"id":"com.android.tools.r8.mapping","version":"2.2"}
# pg_map_id: 4388a95
# pg_map_hash: SHA-256 4388a95496542096e3fd6d62c3ec60919c459738d22f0e372ca36a246882974c
com.dexa.app.DexaMessagingService -> com.dexa.app.DexaMessagingService:
# {"id":"sourceFile","fileName":"DexaMessagingService.java"}
    1:4:void <init>():18:18 -> <init>
    1:3:void onMessageReceived(com.google.firebase.messaging.RemoteMessage):30:30 -> onMessageReceived
    4:6:void onMessageReceived(com.google.firebase.messaging.RemoteMessage):31:31 -> onMessageReceived
    7:8:void onMessageReceived(com.google.firebase.messaging.RemoteMessage):33:33 -> onMessageReceived
    9:10:void onMessageReceived(com.google.firebase.messaging.RemoteMessage):34:34 -> onMessageReceived
    11:16:void onMessageReceived(com.google.firebase.messaging.RemoteMessage):35:35 -> onMessageReceived
    17:34:void onMessageReceived(com.google.firebase.messaging.RemoteMessage):36:36 -> onMessageReceived
    35:52:void onMessageReceived(com.google.firebase.messaging.RemoteMessage):37:37 -> onMessageReceived
    53:76:void onMessageReceived(com.google.firebase.messaging.RemoteMessage):39:39 -> onMessageReceived
    77:101:void onMessageReceived(com.google.firebase.messaging.RemoteMessage):40:40 -> onMessageReceived
    102:110:void onMessageReceived(com.google.firebase.messaging.RemoteMessage):42:42 -> onMessageReceived
    111:116:void onMessageReceived(com.google.firebase.messaging.RemoteMessage):43:43 -> onMessageReceived
    117:120:void onMessageReceived(com.google.firebase.messaging.RemoteMessage):44:44 -> onMessageReceived
com.dexa.app.MainActivity -> com.dexa.app.MainActivity:
# {"id":"sourceFile","fileName":"MainActivity.java"}
    android.widget.FrameLayout root -> a
    androidx.swiperefreshlayout.widget.SwipeRefreshLayout swipeRefreshLayout -> b
      # {"id":"com.android.tools.r8.residualsignature","signature":"Lt/l;"}
    android.webkit.WebView webView -> c
    android.widget.LinearLayout offlineView -> d
    android.widget.FrameLayout loadingView -> e
    android.widget.ProgressBar topProgress -> f
    android.webkit.ValueCallback filePathCallback -> g
    android.webkit.WebChromeClient$FileChooserParams pendingFileChooserParams -> h
    android.net.Uri cameraCaptureUri -> i
    android.webkit.GeolocationPermissions$Callback pendingGeoCallback -> j
    java.lang.String pendingGeoOrigin -> k
    int $r8$clinit -> l
      # {"id":"com.android.tools.r8.synthesized"}
    1:4:void <init>():62:62 -> <init>
    1:7:void configureWebView():240:240 -> a
    8:10:void configureWebView():241:241 -> a
    11:13:void configureWebView():242:242 -> a
    14:16:void configureWebView():243:243 -> a
    17:19:void configureWebView():244:244 -> a
    20:22:void configureWebView():245:245 -> a
    23:26:void configureWebView():246:246 -> a
    27:29:void configureWebView():247:247 -> a
    30:32:void configureWebView():248:248 -> a
    33:35:void configureWebView():249:249 -> a
    36:39:void configureWebView():250:250 -> a
    40:42:void configureWebView():251:251 -> a
com.dexa.app.MainActivity$$ExternalSyntheticApiModelOutline0 -> w.a:
# {"id":"sourceFile","fileName":"R8$$SyntheticClass"}
# {"id":"com.android.tools.r8.synthesized"}
    1:1:android.view.WindowInsetsController w.MainActivity$$ExternalSyntheticApiModelOutline0.m(android.view.Window):0:0 -> a
      # {"id":"com.android.tools.r8.synthesized"}
    1:1:void w.MainActivity$$ExternalSyntheticApiModelOutline0.m(android.view.Window):0:0 -> b
      # {"id":"com.android.tools.r8.synthesized"}
    1:1:void w.MainActivity$$ExternalSyntheticApiModelOutline0.m(android.view.WindowInsetsController):0:0 -> c
      # {"id":"com.android.tools.r8.synthesized"}
...
com.google.android.gms.tasks.zzp -> com.google.android.gms.tasks.zzp:
# {"id":"sourceFile","fileName":"com.google.android.gms:play-services-tasks@@18.1.0"}
    1:6:void onCanceled():1:1 -> onCanceled
    1:6:void onFailure(java.lang.Exception):1:1 -> onFailure
    1:6:void onSuccess(java.lang.Object):1:1 -> onSuccess
    1:6:void zzc():1:1 -> zzc
    1:11:void zzd(com.google.android.gms.tasks.Task):1:1 -> zzd
com.google.android.gms.tasks.zzq -> com.google.android.gms.tasks.zzq:
# {"id":"sourceFile","fileName":"com.google.android.gms:play-services-tasks@@18.1.0"}
com.google.android.gms.tasks.zzr -> com.google.android.gms.tasks.zzr:
# {"id":"sourceFile","fileName":"com.google.android.gms:play-services-tasks@@18.1.0"}
    1:19:void zza(com.google.android.gms.tasks.zzq):1:1 -> zza
    20:22:void zza(com.google.android.gms.tasks.zzq):2:2 -> zza
    23:26:void zza(com.google.android.gms.tasks.zzq):3:3 -> zza
    1:15:void zzb(com.google.android.gms.tasks.Task):1:1 -> zzb
    16:21:void zzb(com.google.android.gms.tasks.Task):2:2 -> zzb
    22:32:void zzb(com.google.android.gms.tasks.Task):3:3 -> zzb
    33:36:void zzb(com.google.android.gms.tasks.Task):6:6 -> zzb
    37:38:void zzb(com.google.android.gms.tasks.Task):4:5 -> zzb
    39:41:void zzb(com.google.android.gms.tasks.Task):5:5 -> zzb
    42:45:void zzb(com.google.android.gms.tasks.Task):4:4 -> zzb
    46:47:void zzb(com.google.android.gms.tasks.Task):1:1 -> zzb
    48:49:void zzb(com.google.android.gms.tasks.Task):2:2 -> zzb
com.google.android.gms.tasks.zzs -> com.google.android.gms.tasks.zzs:
# {"id":"sourceFile","fileName":"com.google.android.gms:play-services-tasks@@18.1.0"}
    1:10:void onCanceled():1:1 -> onCanceled
com.google.android.gms.tasks.zzt -> com.google.android.gms.tasks.zzt:
# {"id":"sourceFile","fileName":"com.google.android.gms:play-services-tasks@@18.1.0"}
    1:4:void execute(java.lang.Runnable):1:1 -> execute
com.google.android.gms.tasks.zzu -> com.google.android.gms.tasks.zzu:
# {"id":"sourceFile","fileName":"com.google.android.gms:play-services-tasks@@18.1.0"}
    1:15:void <init>():1:1 -> <init>
    1:6:void execute(java.lang.Runnable):1:1 -> execute
com.google.android.gms.tasks.zzv -> com.google.android.gms.tasks.zzv:
# {"id":"sourceFile","fileName":"com.google.android.gms:play-services-tasks@@18.1.0"}
    1:5:void <init>(com.google.android.gms.common.api.internal.LifecycleFragment):1:1 -> <init>
    6:10:void <init>(com.google.android.gms.common.api.internal.LifecycleFragment):2:2 -> <init>
    11:18:void <init>(com.google.android.gms.common.api.internal.LifecycleFragment):3:3 -> <init>
    1:5:void onStop():1:1 -> onStop
    6:21:void onStop():2:2 -> onStop
    22:29:void onStop():3:3 -> onStop
    30:37:void onStop():4:4 -> onStop
    38:40:void onStop():5:5 -> onStop
    41:44:void onStop():6:6 -> onStop
    1:4:com.google.android.gms.tasks.zzv zza(android.app.Activity):1:1 -> zza
    5:9:com.google.android.gms.tasks.zzv zza(android.app.Activity):2:2 -> zza
    10:19:com.google.android.gms.tasks.zzv zza(android.app.Activity):3:3 -> zza
    20:25:com.google.android.gms.tasks.zzv zza(android.app.Activity):4:4 -> zza
    26:27:com.google.android.gms.tasks.zzv zza(android.app.Activity):5:5 -> zza
    28:29:com.google.android.gms.tasks.zzv zza(android.app.Activity):6:6 -> zza
    1:7:void zzb(com.google.android.gms.tasks.zzq):1:1 -> zzb
    8:13:void zzb(com.google.android.gms.tasks.zzq):2:2 -> zzb
    14:18:void zzb(com.google.android.gms.tasks.zzq):3:3 -> zzb