app/build/outputs/mapping/release/usage.txt
com.dexa.app.BuildConfig
com.dexa.app.DexaMessagingService:
    private static final java.lang.String TAG
com.dexa.app.MainActivity:
    public static final java.lang.String CHANNEL_ID
    private static final int REQ_CAMERA_FOR_CHOOSER
    private static final int REQ_FILE_CHOOSER
    private static final int REQ_LOCATION
    private static final int REQ_NOTIFICATIONS
    private static final java.lang.String TAG
    private static final java.lang.String WEB_URL
com.dexa.app.R$color:
    public static int dexa_surface
    private void <init>()
com.dexa.app.R$drawable:
    public static int splash_screen
    private void <init>()
com.dexa.app.R$mipmap
com.dexa.app.R$string
com.dexa.app.R$style:
    public static int Theme_Dexa_Splash
    private void <init>()
com.dexa.app.R$xml
com.dexa.app.R
com.dexa.app.MainActivity-IA
com.dexa.app.MainActivity:
    public static android.content.Intent buildCameraIntent()
    public static void buildLayout()
    public static android.widget.FrameLayout$LayoutParams centered()
    public static void configureWindow()
    public static android.widget.FrameLayout createLoadingView()
    public static void createNotificationChannel()
    public static android.widget.LinearLayout createOfflineView()
    public final void hideLoading()
    public final void hideOffline()
    public static synthetic void lambda$buildLayout$0()
    public static synthetic void lambda$createOfflineView$2()
    public static synthetic void lambda$prepareFirebaseToken$3()
    public static synthetic void lambda$recoverWebViewAfterCrash$5()
    public static android.widget.FrameLayout$LayoutParams matchParent()
    public static void prepareFirebaseToken()
    public static void recoverWebViewAfterCrash()
    public static void requestStartupPermissions()
    public static android.widget.LinearLayout$LayoutParams wrapContent()
com.dexa.app.R$color
com.dexa.app.R$drawable
com.dexa.app.R$style
...
androidx.customview.view.AbsSavedState$2
androidx.customview.view.AbsSavedState
androidx.customview.widget.ExploreByTouchHelper$1
androidx.customview.widget.ExploreByTouchHelper$2
androidx.customview.widget.ExploreByTouchHelper$MyNodeProvider
androidx.customview.widget.ExploreByTouchHelper
androidx.customview.widget.FocusStrategy$BoundsAdapter
androidx.customview.widget.FocusStrategy$CollectionAdapter
androidx.customview.widget.FocusStrategy$SequentialComparator
androidx.customview.widget.FocusStrategy
androidx.customview.widget.ViewDragHelper$1
androidx.customview.widget.ViewDragHelper$2
androidx.customview.widget.ViewDragHelper$Callback
androidx.customview.widget.ViewDragHelper
androidx.documentfile.R
androidx.documentfile.provider.DocumentFile
androidx.documentfile.provider.DocumentsContractApi19
androidx.documentfile.provider.RawDocumentFile
androidx.documentfile.provider.SingleDocumentFile
androidx.documentfile.provider.TreeDocumentFile
androidx.fragment.R$attr
androidx.fragment.R$color
androidx.fragment.R$dimen
androidx.fragment.R$drawable
androidx.fragment.R$id
androidx.fragment.R$integer
androidx.fragment.R$layout
androidx.fragment.R$string
androidx.fragment.R$style
androidx.fragment.R$styleable
androidx.fragment.R
androidx.fragment.app.BackStackRecord:
    static final java.lang.String TAG
    public void commitNowAllowingStateLoss()
    public androidx.fragment.app.FragmentTransaction detach(androidx.fragment.app.Fragment)
    public java.lang.CharSequence getBreadCrumbShortTitle()
    public int getBreadCrumbShortTitleRes()
    public java.lang.CharSequence getBreadCrumbTitle()
    public int getBreadCrumbTitleRes()
    public int getId()
    public androidx.fragment.app.FragmentTransaction hide(androidx.fragment.app.Fragment)
    public boolean isEmpty()
    public androidx.fragment.app.FragmentTransaction setMaxLifecycle(androidx.fragment.app.Fragment,androidx.lifecycle.Lifecycle$State)
    public androidx.fragment.app.FragmentTransaction setPrimaryNavigationFragment(androidx.fragment.app.Fragment)
    public androidx.fragment.app.FragmentTransaction show(androidx.fragment.app.Fragment)
androidx.fragment.app.DialogFragment:
    public void onCancel(android.content.DialogInterface)
androidx.fragment.app.Fragment$SavedState:
    void <init>(android.os.Bundle)
androidx.fragment.app.Fragment:
    public void <init>(int)
androidx.fragment.app.FragmentActivity$HostCallbacks
androidx.fragment.app.FragmentActivity:
    static final java.lang.String ALLOCATED_REQUEST_INDICIES_TAG
    static final java.lang.String FRAGMENTS_TAG
    static final int MAX_NUM_PENDING_FRAGMENT_ACTIVITY_RESULTS
    static final java.lang.String NEXT_CANDIDATE_REQUEST_INDEX_TAG
    static final java.lang.String REQUEST_FRAGMENT_WHO_TAG
    private static final java.lang.String TAG
    boolean mCreated
    final androidx.lifecycle.LifecycleRegistry mFragmentLifecycleRegistry
    final androidx.fragment.app.FragmentController mFragments
    int mNextCandidateRequestIndex
    androidx.collection.SparseArrayCompat mPendingFragmentActivityResults
    boolean mRequestedPermissionsFromFragment
    boolean mResumed
    boolean mStartedActivityFromFragment
    boolean mStartedIntentSenderFromFragment
    boolean mStopped
    public void <init>()
    public void <init>(int)
    private int allocateRequestIndex(androidx.fragment.app.Fragment)
    static void checkForValidRequestCode(int)
    final android.view.View dispatchFragmentsOnCreateView(android.view.View,java.lang.String,android.content.Context,android.util.AttributeSet)
    public void dump(java.lang.String,java.io.FileDescriptor,java.io.PrintWriter,java.lang.String[])
    public androidx.loader.app.LoaderManager getSupportLoaderManager()
    private void markFragmentsCreated()
    private static boolean markState(androidx.fragment.app.FragmentManager,androidx.lifecycle.Lifecycle$State)
androidx.fragment.app.FragmentController